<?xml version="1.0" encoding="UTF-8"?>
<testsuite xmlns:xsi="http://www.w3.org/2001/XMLSchema-instance" xsi:noNamespaceSchemaLocation="https://maven.apache.org/surefire/maven-surefire-plugin/xsd/surefire-test-report-3.0.xsd" version="3.0" name="com.example.calculator.exceptions.CalculatorExceptionTest" time="0.024" tests="4" errors="0" skipped="0" failures="0">
  <properties>
[...]
</properties>
  <testcase name="testDivisionByZeroException" classname="com.example.calculator.exceptions.CalculatorExceptionTest" time="0.001"/>
  <testcase name="testExceptionWithCause" classname="com.example.calculator.exceptions.CalculatorExceptionTest" time="0.003"/>
  <testcase name="testUnsupportedOperationException" classname="com.example.calculator.exceptions.CalculatorExceptionTest" time="0.007"/>
  <testcase name="testInvalidInputException" classname="com.example.calculator.exceptions.CalculatorExceptionTest" time="0.002"/>
</testsuite>