<?xml version="1.0" encoding="UTF-8"?>
<testsuite xmlns:xsi="http://www.w3.org/2001/XMLSchema-instance" xsi:noNamespaceSchemaLocation="https://maven.apache.org/surefire/maven-surefire-plugin/xsd/surefire-test-report-3.0.xsd" version="3.0" name="com.example.calculator.CalculatorApplicationTest" time="14.922" tests="2" errors="0" skipped="0" failures="0">
  <properties>
[...]
</properties>
  <testcase name="mainMethodWithArgs" classname="com.example.calculator.CalculatorApplicationTest" time="4.735">
    <system-out><![CDATA[10:58:05.826 [main] INFO org.springframework.test.context.support.AnnotationConfigContextLoaderUtils -- Could not detect default configuration classes for test class [com.example.calculator.CalculatorApplicationTest]: CalculatorApplicationTest does not declare any static, non-private, non-final, nested classes annotated with @Configuration.
10:58:06.283 [main] INFO org.springframework.boot.test.context.SpringBootTestContextBootstrapper -- Found @SpringBootConfiguration com.example.calculator.CalculatorApplication for test class com.example.calculator.CalculatorApplicationTest

  .   ____          _            __ _ _
 /\\ / ___'_ __ _ _(_)_ __  __ _ \ \ \ \
( ( )\___ | '_ | '_| | '_ \/ _` | \ \ \ \
 \\/  ___)| |_)| | | | | || (_| |  ) ) ) )
  '  |____| .__|_| |_|_| |_\__, | / / / /
 =========|_|==============|___/=/_/_/_/
 :: Spring Boot ::                (v3.1.5)

2025-03-27 10:58:07 [main] INFO  c.e.c.CalculatorApplicationTest - Starting CalculatorApplicationTest using Java 17.0.2 with PID 16752 (started by surya in C:\calculator\calculator-project)
2025-03-27 10:58:07 [main] DEBUG c.e.c.CalculatorApplicationTest - Running with Spring Boot v3.1.5, Spring v6.0.13
2025-03-27 10:58:07 [main] INFO  c.e.c.CalculatorApplicationTest - No active profile set, falling back to 1 default profile: "default"
2025-03-27 10:58:10 [main] DEBUG c.e.c.service.CalculatorService - Initializing CalculatorService with 4 operations
2025-03-27 10:58:10 [main] DEBUG c.e.c.c.CalculatorController - Initializing CalculatorController
2025-03-27 10:58:11 [main] DEBUG c.e.calculator.config.SecurityConfig - Configuring security filter chain
2025-03-27 10:58:11 [main] INFO  c.e.calculator.config.SecurityConfig - CSRF protection disabled for API endpoints
2025-03-27 10:58:11 [main] DEBUG c.e.calculator.config.SecurityConfig - Configured request authorization rules
2025-03-27 10:58:11 [main] INFO  c.e.calculator.config.SecurityConfig - Security configuration completed
2025-03-27 10:58:11 [main] INFO  o.s.s.web.DefaultSecurityFilterChain - Will secure any request with [org.springframework.security.web.session.DisableEncodeUrlFilter@e196238, org.springframework.security.web.context.request.async.WebAsyncManagerIntegrationFilter@6f45be6f, org.springframework.security.web.context.SecurityContextHolderFilter@359903b6, org.springframework.security.web.header.HeaderWriterFilter@8d5b303, org.springframework.security.web.authentication.logout.LogoutFilter@23f27434, org.springframework.security.web.authentication.www.BasicAuthenticationFilter@37bac0f4, org.springframework.security.web.savedrequest.RequestCacheAwareFilter@6aaed880, org.springframework.security.web.servletapi.SecurityContextHolderAwareRequestFilter@77c1a7ce, org.springframework.security.web.authentication.AnonymousAuthenticationFilter@65384249, org.springframework.security.web.access.ExceptionTranslationFilter@23f9d0ce, org.springframework.security.web.access.intercept.AuthorizationFilter@3dfe2797]
2025-03-27 10:58:13 [main] INFO  o.s.b.a.e.web.EndpointLinksResolver - Exposing 2 endpoint(s) beneath base path '/actuator'
2025-03-27 10:58:13 [main] INFO  c.e.c.CalculatorApplicationTest - Started CalculatorApplicationTest in 6.954 seconds (process running for 10.55)

  .   ____          _            __ _ _
 /\\ / ___'_ __ _ _(_)_ __  __ _ \ \ \ \
( ( )\___ | '_ | '_| | '_ \/ _` | \ \ \ \
 \\/  ___)| |_)| | | | | || (_| |  ) ) ) )
  '  |____| .__|_| |_|_| |_\__, | / / / /
 =========|_|==============|___/=/_/_/_/
 :: Spring Boot ::                (v3.1.5)

2025-03-27 10:58:16 [main] INFO  c.e.calculator.CalculatorApplication - Starting CalculatorApplication using Java 17.0.2 with PID 16752 (started by surya in C:\calculator\calculator-project)
2025-03-27 10:58:16 [main] DEBUG c.e.calculator.CalculatorApplication - Running with Spring Boot v3.1.5, Spring v6.0.13
2025-03-27 10:58:16 [main] INFO  c.e.calculator.CalculatorApplication - No active profile set, falling back to 1 default profile: "default"
2025-03-27 10:58:17 [main] INFO  o.s.b.w.e.tomcat.TomcatWebServer - Tomcat initialized with port(s): 8081 (http)
2025-03-27 10:58:17 [main] INFO  o.a.catalina.core.StandardService - Starting service [Tomcat]
2025-03-27 10:58:17 [main] INFO  o.a.catalina.core.StandardEngine - Starting Servlet engine: [Apache Tomcat/10.1.15]
2025-03-27 10:58:17 [main] INFO  o.a.c.c.C.[Tomcat].[localhost].[/] - Initializing Spring embedded WebApplicationContext
2025-03-27 10:58:17 [main] INFO  o.s.b.w.s.c.ServletWebServerApplicationContext - Root WebApplicationContext: initialization completed in 1567 ms
2025-03-27 10:58:18 [main] DEBUG c.e.c.service.CalculatorService - Initializing CalculatorService with 4 operations
2025-03-27 10:58:18 [main] DEBUG c.e.c.c.CalculatorController - Initializing CalculatorController
2025-03-27 10:58:18 [main] DEBUG c.e.calculator.config.SecurityConfig - Configuring security filter chain
2025-03-27 10:58:18 [main] INFO  c.e.calculator.config.SecurityConfig - CSRF protection disabled for API endpoints
2025-03-27 10:58:18 [main] INFO  o.s.b.a.e.web.EndpointLinksResolver - Exposing 3 endpoint(s) beneath base path '/actuator'
2025-03-27 10:58:18 [main] DEBUG c.e.calculator.config.SecurityConfig - Configured request authorization rules
2025-03-27 10:58:18 [main] INFO  c.e.calculator.config.SecurityConfig - Security configuration completed
2025-03-27 10:58:18 [main] INFO  o.s.s.web.DefaultSecurityFilterChain - Will secure any request with [org.springframework.security.web.session.DisableEncodeUrlFilter@10b51115, org.springframework.security.web.context.request.async.WebAsyncManagerIntegrationFilter@56967355, org.springframework.security.web.context.SecurityContextHolderFilter@7ad4085c, org.springframework.security.web.header.HeaderWriterFilter@36813933, org.springframework.security.web.authentication.logout.LogoutFilter@6b6829b1, org.springframework.security.web.authentication.www.BasicAuthenticationFilter@3aba9252, org.springframework.security.web.savedrequest.RequestCacheAwareFilter@1ca0f80, org.springframework.security.web.servletapi.SecurityContextHolderAwareRequestFilter@e53a969, org.springframework.security.web.authentication.AnonymousAuthenticationFilter@5c04d23e, org.springframework.security.web.access.ExceptionTranslationFilter@2295b060, org.springframework.security.web.access.intercept.AuthorizationFilter@2984638a]
2025-03-27 10:58:18 [main] INFO  o.s.b.w.e.tomcat.TomcatWebServer - Tomcat started on port(s): 8081 (http) with context path ''
2025-03-27 10:58:18 [main] INFO  c.e.calculator.CalculatorApplication - Started CalculatorApplication in 2.551 seconds (process running for 15.447)
]]></system-out>
  </testcase>
  <testcase name="contextLoads" classname="com.example.calculator.CalculatorApplicationTest" time="1.22">
    <system-out><![CDATA[
  .   ____          _            __ _ _
 /\\ / ___'_ __ _ _(_)_ __  __ _ \ \ \ \
( ( )\___ | '_ | '_| | '_ \/ _` | \ \ \ \
 \\/  ___)| |_)| | | | | || (_| |  ) ) ) )
  '  |____| .__|_| |_|_| |_\__, | / / / /
 =========|_|==============|___/=/_/_/_/
 :: Spring Boot ::                (v3.1.5)

2025-03-27 10:58:18 [main] INFO  c.e.calculator.CalculatorApplication - Starting CalculatorApplication using Java 17.0.2 with PID 16752 (started by surya in C:\calculator\calculator-project)
2025-03-27 10:58:18 [main] DEBUG c.e.calculator.CalculatorApplication - Running with Spring Boot v3.1.5, Spring v6.0.13
2025-03-27 10:58:18 [main] INFO  c.e.calculator.CalculatorApplication - No active profile set, falling back to 1 default profile: "default"
2025-03-27 10:58:19 [main] INFO  o.s.b.w.e.tomcat.TomcatWebServer - Tomcat initialized with port(s): 8080 (http)
2025-03-27 10:58:19 [main] INFO  o.a.catalina.core.StandardService - Starting service [Tomcat]
2025-03-27 10:58:19 [main] INFO  o.a.catalina.core.StandardEngine - Starting Servlet engine: [Apache Tomcat/10.1.15]
2025-03-27 10:58:19 [main] INFO  o.a.c.c.C.[Tomcat-1].[localhost].[/] - Initializing Spring embedded WebApplicationContext
2025-03-27 10:58:19 [main] INFO  o.s.b.w.s.c.ServletWebServerApplicationContext - Root WebApplicationContext: initialization completed in 669 ms
2025-03-27 10:58:19 [main] DEBUG c.e.c.service.CalculatorService - Initializing CalculatorService with 4 operations
2025-03-27 10:58:19 [main] DEBUG c.e.c.c.CalculatorController - Initializing CalculatorController
2025-03-27 10:58:19 [main] DEBUG c.e.calculator.config.SecurityConfig - Configuring security filter chain
2025-03-27 10:58:19 [main] INFO  c.e.calculator.config.SecurityConfig - CSRF protection disabled for API endpoints
2025-03-27 10:58:19 [main] INFO  o.s.b.a.e.web.EndpointLinksResolver - Exposing 3 endpoint(s) beneath base path '/actuator'
2025-03-27 10:58:19 [main] DEBUG c.e.calculator.config.SecurityConfig - Configured request authorization rules
2025-03-27 10:58:19 [main] INFO  c.e.calculator.config.SecurityConfig - Security configuration completed
2025-03-27 10:58:19 [main] INFO  o.s.s.web.DefaultSecurityFilterChain - Will secure any request with [org.springframework.security.web.session.DisableEncodeUrlFilter@76a7f2fa, org.springframework.security.web.context.request.async.WebAsyncManagerIntegrationFilter@4475b4b1, org.springframework.security.web.context.SecurityContextHolderFilter@c7934ea, org.springframework.security.web.header.HeaderWriterFilter@2faaec43, org.springframework.security.web.authentication.logout.LogoutFilter@5e09e2a0, org.springframework.security.web.authentication.www.BasicAuthenticationFilter@67aa004d, org.springframework.security.web.savedrequest.RequestCacheAwareFilter@42404d83, org.springframework.security.web.servletapi.SecurityContextHolderAwareRequestFilter@63a26b8f, org.springframework.security.web.authentication.AnonymousAuthenticationFilter@71dce61e, org.springframework.security.web.access.ExceptionTranslationFilter@506e35b9, org.springframework.security.web.access.intercept.AuthorizationFilter@6eeb6ef7]
2025-03-27 10:58:20 [main] INFO  o.s.b.w.e.tomcat.TomcatWebServer - Tomcat started on port(s): 8080 (http) with context path ''
2025-03-27 10:58:20 [main] INFO  c.e.calculator.CalculatorApplication - Started CalculatorApplication in 1.206 seconds (process running for 16.714)
]]></system-out>
  </testcase>
</testsuite>